src/domain/composer/ComposerMetadata.ts src/domain/composer/composer-metadata.ts
src/domain/shared/MusicalInstrument.ts src/domain/shared/musical-instrument.ts
src/domain/shared/Nationality.ts src/domain/shared/nationality.ts
src/domain/shared/MusicalGenre.ts src/domain/shared/musical-genre.ts
src/domain/shared/Pagination.ts src/domain/shared/pagination.ts
src/domain/shared/AppError.ts src/domain/shared/app-error.ts
src/domain/shared/CommonMetadata.ts src/domain/shared/common-metadata.ts
src/domain/shared/MusicalPlace.ts src/domain/shared/musical-place.ts
src/domain/shared/MusicalEra.ts src/domain/shared/musical-era.ts
src/domain/score/ScoreMetadata.test.ts src/domain/score/score-metadata.test.ts
src/domain/score/MusicalExampleControl.ts src/domain/score/musical-example.control.ts
src/domain/score/ScoreMetadata.ts src/domain/score/score-metadata.ts
src/domain/score/Score.ts src/domain/score/score.ts
src/domain/score/MusicalExampleMetadata.test.ts src/domain/score/musical-example-metadata.test.ts
src/domain/score/ScoreRepository.ts src/domain/score/score.repository.ts
src/domain/score/MusicalExample.test.ts src/domain/score/musical-example.test.ts
src/domain/score/MusicalExampleMetadata.ts src/domain/score/musical-example-metadata.ts
src/domain/score/MusicalExampleRepository.ts src/domain/score/musical-example.repository.ts
src/domain/score/MusicalExample.ts src/domain/score/musical-example.ts
src/domain/score/ScoreControl.test.ts src/domain/score/score-control.test.ts
src/domain/score/ScoreControl.ts src/domain/score/score.control.ts
src/domain/score/Score.test.ts src/domain/score/score.test.ts
src/domain/score/MusicalExampleControl.test.ts src/domain/score/musical-example-control.test.ts
src/domain/work/WorkPartMetadata.ts src/domain/work/work-part-metadata.ts
src/domain/work/WorkPart.test.ts src/domain/work/work-part.test.ts
src/domain/work/MusicalKey.ts src/domain/work/musical-key.ts
src/domain/work/MusicalCataloguePrefix.ts src/domain/work/musical-catalogue-prefix.ts
src/domain/work/Work.ts src/domain/work/work.ts
src/domain/work/WorkPart.ts src/domain/work/work-part.ts
src/domain/work/WorkPartRepository.ts src/domain/work/work-part.repository.ts
src/domain/work/WorkControl.ts src/domain/work/work.control.ts
src/domain/work/Work.test.ts src/domain/work/work.test.ts
src/domain/work/WorkMetadata.test.ts src/domain/work/work-metadata.test.ts
src/domain/work/WorkMetadata.ts src/domain/work/work-metadata.ts
src/domain/work/WorkPartControl.ts src/domain/work/work-part.control.ts
src/domain/work/WorkRepository.ts src/domain/work/work.repository.ts
src/domain/work/WorkShared.ts src/domain/work/work-shared.ts
src/domain/article/ArticleContext.test.ts src/domain/article/article-context.test.ts
src/domain/article/Article.ts src/domain/article/article.ts
src/domain/article/ArticleEngagement.test.ts src/domain/article/article-engagement.test.ts
src/domain/article/ArticleContent.ts src/domain/article/article-content.ts
src/domain/article/ArticleContext.ts src/domain/article/article-context.ts
src/domain/article/ArticleMetadata.test.ts src/domain/article/article-metadata.test.ts
src/domain/article/ArticleMetadata.ts src/domain/article/article-metadata.ts
src/domain/article/ArticleEngagement.ts src/domain/article/article-engagement.ts
src/domain/article/ArticleConstants.ts src/domain/article/article.constants.ts
src/domain/article/ArticleControl.ts src/domain/article/article.control.ts
src/domain/article/ArticleContent.test.ts src/domain/article/article-content.test.ts
src/domain/article/ArticleRepository.ts src/domain/article/article.repository.ts
src/domain/article/Article.test.ts src/domain/article/article.test.ts
src/domain/article/ArticleControl.test.ts src/domain/article/article-control.test.ts
src/domain/i18n/Locale.ts src/domain/i18n/locale.ts
src/domain/i18n/Locale.test.ts src/domain/i18n/locale.test.ts
src/domain/monetization/Monetization.ts src/domain/monetization/monetization.ts
src/domain/player/PlayerControl.ts src/domain/player/player.control.ts
src/domain/player/PlayerDisplay.ts src/domain/player/player.display.ts
src/domain/player/PlayerRepository.ts src/domain/player/player.repository.ts
src/domain/player/Player.ts src/domain/player/player.ts
src/domain/player/PlayerControl.test.ts src/domain/player/player-control.test.ts
src/domain/player/PlayerSource.test.ts src/domain/player/player-source.test.ts
src/domain/player/PlayerSource.ts src/domain/player/player-source.ts
src/domain/player/PlayerStatus.test.ts src/domain/player/player-status.test.ts
src/domain/player/PlayerStatus.ts src/domain/player/player-status.ts
src/domain/player/Player.test.ts src/domain/player/player.test.ts
src/domain/player/PlayerDisplay.test.ts src/domain/player/player-display.test.ts
src/domain/player/PlayerShared.ts src/domain/player/player-shared.ts
src/application/article/dto/ArticleDto.ts src/application/article/dto/article.dto.ts
src/application/article/dto/ArticleDto.test.ts src/application/article/dto/article-dto.test.ts
src/application/article/usecase/GetRelatedArticlesUseCase.ts src/application/article/usecase/get-related-articles.use-case.ts
src/application/article/usecase/CreateArticleUseCase.ts src/application/article/usecase/create-article.use-case.ts
src/application/article/usecase/GetFeaturedArticlesUseCase.ts src/application/article/usecase/get-featured-articles.use-case.ts
src/application/article/usecase/GetArticleBySlugUseCase.ts src/application/article/usecase/get-article-by-slug.use-case.ts
src/application/article/usecase/ListArticlesUseCase.ts src/application/article/usecase/list-articles.use-case.ts
src/application/article/usecase/UpdateArticleUseCase.ts src/application/article/usecase/update-article.use-case.ts
src/application/article/usecase/IncrementViewCountUseCase.ts src/application/article/usecase/increment-view-count.use-case.ts
src/application/article/usecase/SearchArticlesUseCase.ts src/application/article/usecase/search-articles.use-case.ts
src/application/article/usecase/DeleteArticleUseCase.ts src/application/article/usecase/delete-article.use-case.ts
src/infrastructure/score/AbcMetadataParser.ts src/infrastructure/score/abc-metadata.parser.ts
src/infrastructure/score/AbcjsScoreRenderer.ts src/infrastructure/score/abcjs-score.renderer.ts
src/infrastructure/work/FsWorkRepository.ts src/infrastructure/work/fs-work.repository.ts
src/infrastructure/work/FsWorkPartRepository.ts src/infrastructure/work/fs-work-part.repository.ts
src/infrastructure/player/MediaMetadataService.ts src/infrastructure/player/media-metadata.service.ts
